C51 COMPILER V9.59.0.0   BSP_I2C_PORT                                                      12/04/2018 16:01:13 PAGE 1   


C51 COMPILER V9.59.0.0, COMPILATION OF MODULE BSP_I2C_PORT
OBJECT MODULE PLACED IN .\Objects\bsp_i2c_port.obj
COMPILER INVOKED BY: E:\MDK\C51\BIN\C51.EXE ..\bsp\bsp_i2c_port.c OPTIMIZE(8,SPEED) BROWSE INCDIR(..\bsp;..\lib;..\TimeO
                    -ut;..\user) DEBUG OBJECTEXTEND PRINT(.\Listings\bsp_i2c_port.lst) OBJECT(.\Objects\bsp_i2c_port.obj)

line level    source

   1          #include "sc93f833X_C.h"
   2          
   3          #define SDA0_Read()     P15
   4          #define SDA0_Set(x)     ((x) ? (P15 = 1): (P15 = 0))
   5          
   6          #define SCL0_Read()     P14
   7          #define SCL0_Set(x)     ((x) ? (P14 = 1) : (P14 = 0))
   8          
   9          int IIC_Port_Init(int ID){
  10   1              if(ID == 0){
  11   2                      P1CON |= 0X30;
  12   2                      P1 |= 0X30;
  13   2              }
  14   1              return 1;
  15   1      }
  16          /*
  17                  Func : 0 ->IN ;1 ->OUT
  18          */
  19          int IIC_Port_SDA_Set(int ID,int Func){
  20   1              if(ID == 0){
  21   2                      if(Func == 0){
  22   3                              P1CON &= ~0X20;
  23   3                      }else if(Func == 1){    
  24   3                              P1CON |= 0X20;
  25   3                      }else{
  26   3                              return 0;
  27   3                      }
  28   2              }
  29   1              return 0;
  30   1      }
  31          /*
  32                  Func : 0->SDA 1->SCL
  33                  Data: 0->out 0;
  34          */
  35          int IIC_Port_Write(int ID,int Func,int Data){
  36   1              if(ID == 0){
  37   2                      if(Func == 0){
  38   3                              SDA0_Set(Data);
  39   3                      }else if(Func == 1){
  40   3                              SCL0_Set(Data);
  41   3                      }else{
  42   3                              return 0;
  43   3                      }
  44   2              }
  45   1              return 0;
  46   1      
  47   1      }
  48          
  49          int IIC_Port_Read(int ID ,int Func ){
  50   1              if(ID == 0){
  51   2                      if(Func == 0){
  52   3                              return SDA0_Read();
  53   3                      }else if(Func == 1){
  54   3                              return SCL0_Read();
C51 COMPILER V9.59.0.0   BSP_I2C_PORT                                                      12/04/2018 16:01:13 PAGE 2   

  55   3                      }else{
  56   3                              return 0;
  57   3                      }
  58   2              }
  59   1              return 0;
  60   1      }
  61          


MODULE INFORMATION:   STATIC OVERLAYABLE
   CODE SIZE        =    109    ----
   CONSTANT SIZE    =   ----    ----
   XDATA SIZE       =   ----    ----
   PDATA SIZE       =   ----    ----
   DATA SIZE        =   ----    ----
   IDATA SIZE       =   ----    ----
   BIT SIZE         =   ----    ----
END OF MODULE INFORMATION.


C51 COMPILATION COMPLETE.  0 WARNING(S),  0 ERROR(S)
