C51 COMPILER V9.59.0.0   BSP_UART                                                          11/27/2018 17:00:53 PAGE 1   


C51 COMPILER V9.59.0.0, COMPILATION OF MODULE BSP_UART
OBJECT MODULE PLACED IN .\Objects\bsp_uart.obj
COMPILER INVOKED BY: E:\MDK\C51\BIN\C51.EXE ..\bsp\bsp_uart.c OPTIMIZE(8,SPEED) BROWSE INCDIR(..\bsp;..\lib;..\TimeOut;.
                    -.\user) DEBUG OBJECTEXTEND PRINT(.\Listings\bsp_uart.lst) OBJECT(.\Objects\bsp_uart.obj)

line level    source

   1          #include "bsp_uart.h"
   2          
   3          
   4          
   5          
   6          void Uart_Init(void)
   7          {
   8   1          unsigned int baud_set = 0;
   9   1          OTCON = 0XC0;
  10   1          SSCON0 = 0X50;
  11   1          baud_set = (unsigned int)(SYS_FRE_SET/16/BSP_BAURATE);
  12   1          SSCON1 = baud_set%256;
  13   1          SSCON2 = baud_set/256;
  14   1          IE1 = 0x01;      //开启SSI中断
  15   1          P2CON |= 0X01;      // 必须设置IO口，否则则为输入状态
  16   1          P20 = 1; 
  17   1          EA = 1;    
  18   1      }
  19          


MODULE INFORMATION:   STATIC OVERLAYABLE
   CODE SIZE        =     23    ----
   CONSTANT SIZE    =   ----    ----
   XDATA SIZE       =   ----    ----
   PDATA SIZE       =   ----    ----
   DATA SIZE        =   ----    ----
   IDATA SIZE       =   ----    ----
   BIT SIZE         =   ----    ----
END OF MODULE INFORMATION.


C51 COMPILATION COMPLETE.  0 WARNING(S),  0 ERROR(S)
