C51 COMPILER V9.59.0.0   BSP_TIMER                                                         11/27/2018 17:00:53 PAGE 1   


C51 COMPILER V9.59.0.0, COMPILATION OF MODULE BSP_TIMER
OBJECT MODULE PLACED IN .\Objects\bsp_timer.obj
COMPILER INVOKED BY: E:\MDK\C51\BIN\C51.EXE ..\bsp\bsp_timer.c OPTIMIZE(8,SPEED) BROWSE INCDIR(..\bsp;..\lib;..\TimeOut;
                    -..\user) DEBUG OBJECTEXTEND PRINT(.\Listings\bsp_timer.lst) OBJECT(.\Objects\bsp_timer.obj)

line level    source

   1          #include "bsp_timer.h"
   2          
   3          
   4          void Timer_Init(void)
   5          {
   6   1              TMCON = 0x00;           
   7   1              TMOD = 0x11;    
   8   1              TL0 = (65536 - 1000)%256;    
   9   1              TH0 = (65536 - 1000)/256;
  10   1              TR0 = 0;
  11   1              ET0 = 1;//定时器0允许
  12   1              TR0 = 1;//打开定时器0
  13   1      }


MODULE INFORMATION:   STATIC OVERLAYABLE
   CODE SIZE        =     19    ----
   CONSTANT SIZE    =   ----    ----
   XDATA SIZE       =   ----    ----
   PDATA SIZE       =   ----    ----
   DATA SIZE        =   ----    ----
   IDATA SIZE       =   ----    ----
   BIT SIZE         =   ----    ----
END OF MODULE INFORMATION.


C51 COMPILATION COMPLETE.  0 WARNING(S),  0 ERROR(S)
